<?xml version="1.0" encoding="UTF-8"?>
<testsuite xmlns:xsi="http://www.w3.org/2001/XMLSchema-instance" xsi:noNamespaceSchemaLocation="https://maven.apache.org/surefire/maven-surefire-plugin/xsd/surefire-test-report.xsd" name="com.tang.appdemo.server.service.LoginServiceTest" time="0.629" tests="1" errors="1" skipped="0" failures="0">
  <properties>
[...]
</properties>
  <testcase name="loginTest" classname="com.tang.appdemo.server.service.LoginServiceTest" time="0.612">
    <error type="com.tang.appdemo.common.exception.LoginException">com.tang.appdemo.common.exception.LoginException
	at com.tang.appdemo.server.service.LoginServiceTest.loginTest(LoginServiceTest.java:22)
</error>
    <system-out><![CDATA[2023-12-01T20:17:02.008+08:00  INFO 6744 --- [           main] t.c.s.AnnotationConfigContextLoaderUtils : Could not detect default configuration classes for test class [com.tang.appdemo.server.service.LoginServiceTest]: LoginServiceTest does not declare any static, non-private, non-final, nested classes annotated with @Configuration.
2023-12-01T20:17:02.021+08:00  INFO 6744 --- [           main] .b.t.c.SpringBootTestContextBootstrapper : Found @SpringBootConfiguration com.tang.appdemo.server.ServiceApplication for test class com.tang.appdemo.server.service.LoginServiceTest
Creating a new SqlSession
SqlSession [org.apache.ibatis.session.defaults.DefaultSqlSession@5f9a8ddc] was not registered for synchronization because synchronization is not active
2023-12-01T20:17:02.080+08:00  INFO 6744 --- [           main] com.zaxxer.hikari.HikariDataSource       : HikariPool-1 - Starting...
2023-12-01T20:17:02.459+08:00  INFO 6744 --- [           main] com.zaxxer.hikari.pool.HikariPool        : HikariPool-1 - Added connection com.mysql.cj.jdbc.ConnectionImpl@15c1b543
2023-12-01T20:17:02.463+08:00  INFO 6744 --- [           main] com.zaxxer.hikari.HikariDataSource       : HikariPool-1 - Start completed.
JDBC Connection [HikariProxyConnection@246846952 wrapping com.mysql.cj.jdbc.ConnectionImpl@15c1b543] will not be managed by Spring
==>  Preparing: select id,username,password,name,phone,avatar,description,status,create_time,update_time,is_deleted from sys_user where username = ?
==> Parameters: admin(String)
<==    Columns: id, username, password, name, phone, avatar, description, status, create_time, update_time, is_deleted
<==        Row: 1, admin, 96e79218965eb72c92a549dd5a330112, admin, 15011113652, https://oss.aliyuncs.com/aliyun_id_photo_bucket/default_handsome.jpg, null, 1, 2023-05-04 10:17:18, 2023-05-04 10:37:42, 0
<==      Total: 1
Closing non transactional SqlSession [org.apache.ibatis.session.defaults.DefaultSqlSession@5f9a8ddc]
]]></system-out>
  </testcase>
</testsuite>